<?xml version="1.0" encoding="UTF-8"?>
<testng-results ignored="0" total="1" passed="1" failed="0" skipped="0">
  <reporter-output>
  </reporter-output>
  <suite started-at="2024-01-12T16:22:36 IST" name="Default suite" finished-at="2024-01-12T16:22:40 IST" duration-ms="3733">
    <groups>
    </groups>
    <test started-at="2024-01-12T16:22:36 IST" name="Default test" finished-at="2024-01-12T16:22:40 IST" duration-ms="3733">
      <class name="com.mms.test.SeleniumViewAll">
        <test-method signature="viewAllOperationTest()[pri:0, instance:com.mms.test.SeleniumViewAll@5149d738]" started-at="2024-01-12T16:22:36 IST" name="viewAllOperationTest" finished-at="2024-01-12T16:22:40 IST" duration-ms="3710" status="PASS">
          <reporter-output>
          </reporter-output>
        </test-method> <!-- viewAllOperationTest -->
      </class> <!-- com.mms.test.SeleniumViewAll -->
    </test> <!-- Default test -->
  </suite> <!-- Default suite -->
</testng-results>
